2024-10-13 14:17:30.752 [info] [main] Log level: Info
2024-10-13 14:17:30.752 [info] [main] Validating found git in: "git"
2024-10-13 14:17:30.752 [info] [main] Using git "2.43.0" from "git"
2024-10-13 14:17:30.752 [info] [Model][doInitialScan] Initial repository scan started
2024-10-13 14:17:30.752 [info] [Model][doInitialScan] Initial repository scan completed - repositories (0), closed repositories (0), parent repositories (0), unsafe repositories (0)
2024-10-13 14:18:01.613 [info] [main] Log level: Info
2024-10-13 14:18:01.613 [info] [main] Validating found git in: "git"
2024-10-13 14:18:01.613 [info] [main] Using git "2.43.0" from "git"
2024-10-13 14:18:01.613 [info] [Model][doInitialScan] Initial repository scan started
2024-10-13 14:18:01.619 [info] > git rev-parse --show-toplevel [7ms]
2024-10-13 14:18:01.619 [info] fatal: detected dubious ownership in repository at '/home/cross/Bureau/projet/docker'
To add an exception for this directory, call:

	git config --global --add safe.directory /home/cross/Bureau/projet/docker
2024-10-13 14:18:01.629 [info] > git rev-parse --show-toplevel [2ms]
2024-10-13 14:18:01.629 [info] fatal: detected dubious ownership in repository at '/home/cross/Bureau/projet/docker'
To add an exception for this directory, call:

	git config --global --add safe.directory /home/cross/Bureau/projet/docker
2024-10-13 14:18:01.632 [info] [Model][doInitialScan] Initial repository scan completed - repositories (0), closed repositories (0), parent repositories (0), unsafe repositories (1)
2024-10-13 14:18:03.812 [info] > git rev-parse --show-toplevel [2ms]
2024-10-13 14:18:03.812 [info] fatal: detected dubious ownership in repository at '/home/cross/Bureau/projet/docker'
To add an exception for this directory, call:

	git config --global --add safe.directory /home/cross/Bureau/projet/docker
2024-10-13 14:18:24.402 [info] > git rev-parse --show-toplevel [2ms]
2024-10-13 14:18:24.402 [info] fatal: detected dubious ownership in repository at '/home/cross/Bureau/projet/docker'
To add an exception for this directory, call:

	git config --global --add safe.directory /home/cross/Bureau/projet/docker
2024-10-13 14:18:35.502 [info] > git rev-parse --show-toplevel [3ms]
2024-10-13 14:18:35.502 [info] fatal: detected dubious ownership in repository at '/home/cross/Bureau/projet/docker'
To add an exception for this directory, call:

	git config --global --add safe.directory /home/cross/Bureau/projet/docker
2024-10-13 14:19:21.207 [info] > git rev-parse --show-toplevel [3ms]
2024-10-13 14:19:21.207 [info] fatal: detected dubious ownership in repository at '/home/cross/Bureau/projet/docker'
To add an exception for this directory, call:

	git config --global --add safe.directory /home/cross/Bureau/projet/docker
2024-10-13 14:20:21.038 [info] > git rev-parse --show-toplevel [2ms]
2024-10-13 14:20:21.038 [info] fatal: detected dubious ownership in repository at '/home/cross/Bureau/projet/docker'
To add an exception for this directory, call:

	git config --global --add safe.directory /home/cross/Bureau/projet/docker
2024-10-13 14:20:50.832 [info] > git rev-parse --show-toplevel [3ms]
2024-10-13 14:20:50.832 [info] fatal: detected dubious ownership in repository at '/home/cross/Bureau/projet/docker'
To add an exception for this directory, call:

	git config --global --add safe.directory /home/cross/Bureau/projet/docker
2024-10-13 14:21:30.362 [info] > git rev-parse --show-toplevel [1ms]
2024-10-13 14:21:30.362 [info] fatal: detected dubious ownership in repository at '/home/cross/Bureau/projet/docker'
To add an exception for this directory, call:

	git config --global --add safe.directory /home/cross/Bureau/projet/docker
2024-10-13 14:23:53.530 [info] > git rev-parse --show-toplevel [1ms]
2024-10-13 14:23:53.530 [info] fatal: detected dubious ownership in repository at '/home/cross/Bureau/projet/docker'
To add an exception for this directory, call:

	git config --global --add safe.directory /home/cross/Bureau/projet/docker
2024-10-13 14:24:03.663 [info] > git rev-parse --show-toplevel [2ms]
2024-10-13 14:24:03.663 [info] fatal: detected dubious ownership in repository at '/home/cross/Bureau/projet/docker'
To add an exception for this directory, call:

	git config --global --add safe.directory /home/cross/Bureau/projet/docker
2024-10-13 14:24:05.738 [info] > git rev-parse --show-toplevel [3ms]
2024-10-13 14:24:05.738 [info] fatal: detected dubious ownership in repository at '/home/cross/Bureau/projet/docker'
To add an exception for this directory, call:

	git config --global --add safe.directory /home/cross/Bureau/projet/docker
2024-10-13 14:25:24.888 [info] > git rev-parse --show-toplevel [2ms]
2024-10-13 14:25:24.888 [info] fatal: detected dubious ownership in repository at '/home/cross/Bureau/projet/docker'
To add an exception for this directory, call:

	git config --global --add safe.directory /home/cross/Bureau/projet/docker
2024-10-13 14:25:35.796 [info] > git rev-parse --show-toplevel [2ms]
2024-10-13 14:25:35.796 [info] fatal: detected dubious ownership in repository at '/home/cross/Bureau/projet/docker'
To add an exception for this directory, call:

	git config --global --add safe.directory /home/cross/Bureau/projet/docker
2024-10-13 14:28:25.098 [info] > git rev-parse --show-toplevel [1ms]
2024-10-13 14:28:25.099 [info] fatal: detected dubious ownership in repository at '/home/cross/Bureau/projet/docker'
To add an exception for this directory, call:

	git config --global --add safe.directory /home/cross/Bureau/projet/docker
2024-10-13 14:37:29.828 [info] > git rev-parse --show-toplevel [2ms]
2024-10-13 14:37:29.828 [info] fatal: detected dubious ownership in repository at '/home/cross/Bureau/projet/docker'
To add an exception for this directory, call:

	git config --global --add safe.directory /home/cross/Bureau/projet/docker
2024-10-13 14:37:54.071 [info] > git rev-parse --show-toplevel [2ms]
2024-10-13 14:37:54.071 [info] fatal: detected dubious ownership in repository at '/home/cross/Bureau/projet/docker'
To add an exception for this directory, call:

	git config --global --add safe.directory /home/cross/Bureau/projet/docker
2024-10-13 14:39:56.436 [info] > git rev-parse --show-toplevel [3ms]
2024-10-13 14:39:56.436 [info] fatal: detected dubious ownership in repository at '/home/cross/Bureau/projet/docker'
To add an exception for this directory, call:

	git config --global --add safe.directory /home/cross/Bureau/projet/docker
2024-10-13 14:40:00.223 [info] > git rev-parse --show-toplevel [2ms]
2024-10-13 14:40:00.224 [info] fatal: detected dubious ownership in repository at '/home/cross/Bureau/projet/docker'
To add an exception for this directory, call:

	git config --global --add safe.directory /home/cross/Bureau/projet/docker
2024-10-13 14:46:52.818 [info] > git rev-parse --show-toplevel [3ms]
2024-10-13 14:46:52.818 [info] fatal: detected dubious ownership in repository at '/home/cross/Bureau/projet/docker'
To add an exception for this directory, call:

	git config --global --add safe.directory /home/cross/Bureau/projet/docker
2024-10-13 14:47:03.549 [info] > git rev-parse --show-toplevel [2ms]
2024-10-13 14:47:03.549 [info] fatal: detected dubious ownership in repository at '/home/cross/Bureau/projet/docker'
To add an exception for this directory, call:

	git config --global --add safe.directory /home/cross/Bureau/projet/docker
2024-10-13 14:51:41.763 [info] > git rev-parse --show-toplevel [3ms]
2024-10-13 14:51:41.763 [info] fatal: detected dubious ownership in repository at '/home/cross/Bureau/projet/docker'
To add an exception for this directory, call:

	git config --global --add safe.directory /home/cross/Bureau/projet/docker
2024-10-13 15:09:08.056 [info] > git rev-parse --show-toplevel [1ms]
2024-10-13 15:09:08.057 [info] fatal: detected dubious ownership in repository at '/home/cross/Bureau/projet/docker'
To add an exception for this directory, call:

	git config --global --add safe.directory /home/cross/Bureau/projet/docker
2024-10-13 15:09:09.891 [info] > git rev-parse --show-toplevel [2ms]
2024-10-13 15:09:09.891 [info] fatal: detected dubious ownership in repository at '/home/cross/Bureau/projet/docker'
To add an exception for this directory, call:

	git config --global --add safe.directory /home/cross/Bureau/projet/docker
2024-10-13 15:09:52.057 [info] > git rev-parse --show-toplevel [4ms]
2024-10-13 15:09:52.057 [info] fatal: detected dubious ownership in repository at '/home/cross/Bureau/projet/docker'
To add an exception for this directory, call:

	git config --global --add safe.directory /home/cross/Bureau/projet/docker
2024-10-13 15:14:09.003 [info] > git rev-parse --show-toplevel [3ms]
2024-10-13 15:14:09.003 [info] fatal: detected dubious ownership in repository at '/home/cross/Bureau/projet/docker'
To add an exception for this directory, call:

	git config --global --add safe.directory /home/cross/Bureau/projet/docker
2024-10-13 15:15:22.111 [info] > git rev-parse --show-toplevel [4ms]
2024-10-13 15:15:22.111 [info] fatal: detected dubious ownership in repository at '/home/cross/Bureau/projet/docker'
To add an exception for this directory, call:

	git config --global --add safe.directory /home/cross/Bureau/projet/docker
2024-10-13 15:15:47.873 [info] > git rev-parse --show-toplevel [3ms]
2024-10-13 15:15:47.873 [info] fatal: detected dubious ownership in repository at '/home/cross/Bureau/projet/docker'
To add an exception for this directory, call:

	git config --global --add safe.directory /home/cross/Bureau/projet/docker
2024-10-13 15:17:12.734 [info] > git rev-parse --show-toplevel [3ms]
2024-10-13 15:17:12.750 [info] > git rev-parse --git-dir --git-common-dir [2ms]
2024-10-13 15:17:12.762 [info] [Model][openRepository] Opened repository: /home/cross/Bureau/projet/docker
2024-10-13 15:17:12.794 [info] > git config --get commit.template [16ms]
2024-10-13 15:17:12.801 [info] > git for-each-ref --format=%(refname)%00%(upstream:short)%00%(objectname)%00%(upstream:track)%00%(upstream:remotename)%00%(upstream:remoteref) refs/heads/main refs/remotes/main [8ms]
2024-10-13 15:17:12.831 [info] > git status -z -uall [16ms]
2024-10-13 15:17:12.833 [info] > git for-each-ref --sort -committerdate --format %(refname) %(objectname) %(*objectname) [4ms]
2024-10-13 15:17:12.900 [info] > git for-each-ref --format=%(refname)%00%(upstream:short)%00%(objectname)%00%(upstream:track)%00%(upstream:remotename)%00%(upstream:remoteref) refs/heads/main refs/remotes/main [48ms]
2024-10-13 15:17:12.954 [info] > git config --local branch.main.vscode-merge-base [42ms]
2024-10-13 15:17:12.954 [warning] [Git][config] git config failed: Failed to execute git
2024-10-13 15:17:12.967 [info] > git config --get commit.template [69ms]
2024-10-13 15:17:12.989 [info] > git reflog main --grep-reflog=branch: Created from *. [22ms]
2024-10-13 15:17:13.012 [info] > git symbolic-ref --short refs/remotes/origin/HEAD [14ms]
2024-10-13 15:17:13.012 [info] fatal: ref refs/remotes/origin/HEAD is not a symbolic ref
2024-10-13 15:17:13.012 [warning] [Repository][getDefaultBranch] Failed to get default branch details: Failed to execute git.
2024-10-13 15:17:13.030 [info] > git merge-base refs/heads/main refs/remotes/origin/main [7ms]
2024-10-13 15:17:13.043 [info] > git for-each-ref --format=%(refname)%00%(upstream:short)%00%(objectname)%00%(upstream:track)%00%(upstream:remotename)%00%(upstream:remoteref) refs/heads/main refs/remotes/main [32ms]
2024-10-13 15:17:13.046 [info] > git diff --name-status -z --diff-filter=ADMR 1e291c006b14fc071dfc9acca01665a8606f829e...refs/remotes/origin/main [3ms]
2024-10-13 15:17:13.070 [info] > git status -z -uall [12ms]
2024-10-13 15:17:13.071 [info] > git for-each-ref --sort -committerdate --format %(refname) %(objectname) %(*objectname) [3ms]
2024-10-13 15:17:13.317 [info] > git check-ignore -v -z --stdin [2ms]
2024-10-13 15:17:14.625 [info] > git config --get commit.template [18ms]
2024-10-13 15:17:14.626 [info] > git for-each-ref --format=%(refname)%00%(upstream:short)%00%(objectname)%00%(upstream:track)%00%(upstream:remotename)%00%(upstream:remoteref) refs/heads/main refs/remotes/main [2ms]
2024-10-13 15:17:14.654 [info] > git status -z -uall [13ms]
2024-10-13 15:17:14.656 [info] > git for-each-ref --sort -committerdate --format %(refname) %(objectname) %(*objectname) [2ms]
2024-10-13 15:17:25.576 [info] > git config --get commit.template [15ms]
2024-10-13 15:17:25.577 [info] > git for-each-ref --format=%(refname)%00%(upstream:short)%00%(objectname)%00%(upstream:track)%00%(upstream:remotename)%00%(upstream:remoteref) refs/heads/main refs/remotes/main [3ms]
2024-10-13 15:17:25.609 [info] > git status -z -uall [16ms]
2024-10-13 15:17:25.610 [info] > git for-each-ref --sort -committerdate --format %(refname) %(objectname) %(*objectname) [2ms]
2024-10-13 15:17:25.632 [info] > git merge-base refs/heads/main refs/remotes/origin/main [3ms]
2024-10-13 15:17:25.648 [info] > git diff --name-status -z --diff-filter=ADMR 1e291c006b14fc071dfc9acca01665a8606f829e...refs/remotes/origin/main [2ms]
2024-10-13 15:17:26.947 [info] > git config --get commit.template [13ms]
2024-10-13 15:17:26.948 [info] > git for-each-ref --format=%(refname)%00%(upstream:short)%00%(objectname)%00%(upstream:track)%00%(upstream:remotename)%00%(upstream:remoteref) refs/heads/main refs/remotes/main [2ms]
2024-10-13 15:17:26.980 [info] > git status -z -uall [17ms]
2024-10-13 15:17:26.982 [info] > git for-each-ref --sort -committerdate --format %(refname) %(objectname) %(*objectname) [3ms]
2024-10-13 15:17:33.921 [info] > git config --get commit.template [1ms]
2024-10-13 15:17:33.940 [info] > git for-each-ref --format=%(refname)%00%(upstream:short)%00%(objectname)%00%(upstream:track)%00%(upstream:remotename)%00%(upstream:remoteref) refs/heads/main refs/remotes/main [4ms]
2024-10-13 15:17:33.970 [info] > git status -z -uall [14ms]
2024-10-13 15:17:33.971 [info] > git for-each-ref --sort -committerdate --format %(refname) %(objectname) %(*objectname) [2ms]
2024-10-13 15:17:39.004 [info] > git config --get commit.template [14ms]
2024-10-13 15:17:39.005 [info] > git for-each-ref --format=%(refname)%00%(upstream:short)%00%(objectname)%00%(upstream:track)%00%(upstream:remotename)%00%(upstream:remoteref) refs/heads/main refs/remotes/main [2ms]
2024-10-13 15:17:39.034 [info] > git status -z -uall [14ms]
2024-10-13 15:17:39.035 [info] > git for-each-ref --sort -committerdate --format %(refname) %(objectname) %(*objectname) [3ms]
2024-10-13 15:18:01.416 [info] > git config --get commit.template [20ms]
2024-10-13 15:18:01.418 [info] > git for-each-ref --format=%(refname)%00%(upstream:short)%00%(objectname)%00%(upstream:track)%00%(upstream:remotename)%00%(upstream:remoteref) refs/heads/main refs/remotes/main [4ms]
2024-10-13 15:18:01.447 [info] > git status -z -uall [14ms]
2024-10-13 15:18:01.449 [info] > git for-each-ref --sort -committerdate --format %(refname) %(objectname) %(*objectname) [3ms]
2024-10-13 15:18:11.367 [info] > git config --get commit.template [14ms]
2024-10-13 15:18:11.369 [info] > git for-each-ref --format=%(refname)%00%(upstream:short)%00%(objectname)%00%(upstream:track)%00%(upstream:remotename)%00%(upstream:remoteref) refs/heads/main refs/remotes/main [3ms]
2024-10-13 15:18:11.395 [info] > git status -z -uall [12ms]
2024-10-13 15:18:11.397 [info] > git for-each-ref --sort -committerdate --format %(refname) %(objectname) %(*objectname) [2ms]
2024-10-13 15:18:24.212 [info] > git config --get commit.template [11ms]
2024-10-13 15:18:24.213 [info] > git for-each-ref --format=%(refname)%00%(upstream:short)%00%(objectname)%00%(upstream:track)%00%(upstream:remotename)%00%(upstream:remoteref) refs/heads/main refs/remotes/main [2ms]
2024-10-13 15:18:24.244 [info] > git status -z -uall [16ms]
2024-10-13 15:18:24.246 [info] > git for-each-ref --sort -committerdate --format %(refname) %(objectname) %(*objectname) [1ms]
2024-10-13 15:18:40.855 [info] > git config --get commit.template [14ms]
2024-10-13 15:18:40.857 [info] > git for-each-ref --format=%(refname)%00%(upstream:short)%00%(objectname)%00%(upstream:track)%00%(upstream:remotename)%00%(upstream:remoteref) refs/heads/main refs/remotes/main [2ms]
2024-10-13 15:18:40.885 [info] > git status -z -uall [13ms]
2024-10-13 15:18:40.887 [info] > git for-each-ref --sort -committerdate --format %(refname) %(objectname) %(*objectname) [1ms]
2024-10-13 15:18:46.616 [info] > git config --get commit.template [12ms]
2024-10-13 15:18:46.618 [info] > git for-each-ref --format=%(refname)%00%(upstream:short)%00%(objectname)%00%(upstream:track)%00%(upstream:remotename)%00%(upstream:remoteref) refs/heads/main refs/remotes/main [3ms]
2024-10-13 15:18:46.643 [info] > git status -z -uall [13ms]
2024-10-13 15:18:46.644 [info] > git for-each-ref --sort -committerdate --format %(refname) %(objectname) %(*objectname) [2ms]
2024-10-13 15:18:51.681 [info] > git config --get commit.template [16ms]
2024-10-13 15:18:51.683 [info] > git for-each-ref --format=%(refname)%00%(upstream:short)%00%(objectname)%00%(upstream:track)%00%(upstream:remotename)%00%(upstream:remoteref) refs/heads/main refs/remotes/main [4ms]
2024-10-13 15:18:51.712 [info] > git status -z -uall [14ms]
2024-10-13 15:18:51.713 [info] > git for-each-ref --sort -committerdate --format %(refname) %(objectname) %(*objectname) [1ms]
2024-10-13 15:18:57.263 [info] > git config --get commit.template [14ms]
2024-10-13 15:18:57.264 [info] > git for-each-ref --format=%(refname)%00%(upstream:short)%00%(objectname)%00%(upstream:track)%00%(upstream:remotename)%00%(upstream:remoteref) refs/heads/main refs/remotes/main [2ms]
2024-10-13 15:18:57.293 [info] > git status -z -uall [16ms]
2024-10-13 15:18:57.294 [info] > git for-each-ref --sort -committerdate --format %(refname) %(objectname) %(*objectname) [2ms]
2024-10-13 15:19:02.332 [info] > git config --get commit.template [15ms]
2024-10-13 15:19:02.333 [info] > git for-each-ref --format=%(refname)%00%(upstream:short)%00%(objectname)%00%(upstream:track)%00%(upstream:remotename)%00%(upstream:remoteref) refs/heads/main refs/remotes/main [2ms]
2024-10-13 15:19:02.358 [info] > git status -z -uall [11ms]
2024-10-13 15:19:02.359 [info] > git for-each-ref --sort -committerdate --format %(refname) %(objectname) %(*objectname) [2ms]
2024-10-13 15:19:17.495 [info] > git config --get commit.template [14ms]
2024-10-13 15:19:17.496 [info] > git for-each-ref --format=%(refname)%00%(upstream:short)%00%(objectname)%00%(upstream:track)%00%(upstream:remotename)%00%(upstream:remoteref) refs/heads/main refs/remotes/main [2ms]
2024-10-13 15:19:17.528 [info] > git status -z -uall [15ms]
2024-10-13 15:19:17.530 [info] > git for-each-ref --sort -committerdate --format %(refname) %(objectname) %(*objectname) [3ms]
2024-10-13 15:19:22.567 [info] > git config --get commit.template [15ms]
2024-10-13 15:19:22.569 [info] > git for-each-ref --format=%(refname)%00%(upstream:short)%00%(objectname)%00%(upstream:track)%00%(upstream:remotename)%00%(upstream:remoteref) refs/heads/main refs/remotes/main [2ms]
2024-10-13 15:19:22.598 [info] > git status -z -uall [15ms]
2024-10-13 15:19:22.599 [info] > git for-each-ref --sort -committerdate --format %(refname) %(objectname) %(*objectname) [2ms]
2024-10-13 15:19:26.508 [info] > git config --get commit.template [12ms]
2024-10-13 15:19:26.509 [info] > git for-each-ref --format=%(refname)%00%(upstream:short)%00%(objectname)%00%(upstream:track)%00%(upstream:remotename)%00%(upstream:remoteref) refs/heads/main refs/remotes/main [2ms]
2024-10-13 15:19:26.537 [info] > git status -z -uall [14ms]
2024-10-13 15:19:26.538 [info] > git for-each-ref --sort -committerdate --format %(refname) %(objectname) %(*objectname) [2ms]
2024-10-13 15:19:27.854 [info] > git config --get commit.template [16ms]
2024-10-13 15:19:27.855 [info] > git for-each-ref --format=%(refname)%00%(upstream:short)%00%(objectname)%00%(upstream:track)%00%(upstream:remotename)%00%(upstream:remoteref) refs/heads/main refs/remotes/main [2ms]
2024-10-13 15:19:27.883 [info] > git status -z -uall [14ms]
2024-10-13 15:19:27.885 [info] > git for-each-ref --sort -committerdate --format %(refname) %(objectname) %(*objectname) [1ms]
2024-10-13 15:19:46.267 [info] > git config --get commit.template [16ms]
2024-10-13 15:19:46.268 [info] > git for-each-ref --format=%(refname)%00%(upstream:short)%00%(objectname)%00%(upstream:track)%00%(upstream:remotename)%00%(upstream:remoteref) refs/heads/main refs/remotes/main [2ms]
2024-10-13 15:19:46.294 [info] > git status -z -uall [14ms]
2024-10-13 15:19:46.295 [info] > git for-each-ref --sort -committerdate --format %(refname) %(objectname) %(*objectname) [2ms]
2024-10-13 15:19:46.314 [info] > git merge-base refs/heads/main refs/remotes/origin/main [3ms]
2024-10-13 15:19:46.329 [info] > git diff --name-status -z --diff-filter=ADMR 1e291c006b14fc071dfc9acca01665a8606f829e...refs/remotes/origin/main [2ms]
2024-10-13 15:19:47.613 [info] > git config --get commit.template [13ms]
2024-10-13 15:19:47.614 [info] > git for-each-ref --format=%(refname)%00%(upstream:short)%00%(objectname)%00%(upstream:track)%00%(upstream:remotename)%00%(upstream:remoteref) refs/heads/main refs/remotes/main [2ms]
2024-10-13 15:19:47.641 [info] > git status -z -uall [13ms]
2024-10-13 15:19:47.642 [info] > git for-each-ref --sort -committerdate --format %(refname) %(objectname) %(*objectname) [2ms]
2024-10-13 15:20:32.771 [info] > git config --get commit.template [16ms]
2024-10-13 15:20:32.772 [info] > git for-each-ref --format=%(refname)%00%(upstream:short)%00%(objectname)%00%(upstream:track)%00%(upstream:remotename)%00%(upstream:remoteref) refs/heads/main refs/remotes/main [2ms]
2024-10-13 15:20:32.800 [info] > git status -z -uall [15ms]
2024-10-13 15:20:32.801 [info] > git for-each-ref --sort -committerdate --format %(refname) %(objectname) %(*objectname) [2ms]
2024-10-13 15:20:59.894 [info] > git config --get commit.template [14ms]
2024-10-13 15:20:59.895 [info] > git for-each-ref --format=%(refname)%00%(upstream:short)%00%(objectname)%00%(upstream:track)%00%(upstream:remotename)%00%(upstream:remoteref) refs/heads/main refs/remotes/main [2ms]
2024-10-13 15:20:59.921 [info] > git status -z -uall [12ms]
2024-10-13 15:20:59.922 [info] > git for-each-ref --sort -committerdate --format %(refname) %(objectname) %(*objectname) [2ms]
2024-10-13 15:21:09.426 [info] > git config --get commit.template [12ms]
2024-10-13 15:21:09.427 [info] > git for-each-ref --format=%(refname)%00%(upstream:short)%00%(objectname)%00%(upstream:track)%00%(upstream:remotename)%00%(upstream:remoteref) refs/heads/main refs/remotes/main [2ms]
2024-10-13 15:21:09.452 [info] > git status -z -uall [13ms]
2024-10-13 15:21:09.454 [info] > git for-each-ref --sort -committerdate --format %(refname) %(objectname) %(*objectname) [2ms]
