2024-10-13 15:17:13.076 [info] Reading sessions from keychain...
2024-10-13 15:17:13.076 [info] Getting sessions for all scopes...
2024-10-13 15:17:13.076 [info] Getting sessions for all scopes...
2024-10-13 15:17:13.076 [info] Getting sessions for all scopes...
2024-10-13 15:17:13.076 [info] Got 0 sessions for ...
2024-10-13 15:17:13.076 [info] Got 0 sessions for ...
2024-10-13 15:17:13.076 [info] Got 0 sessions for ...
2024-10-13 15:17:13.076 [info] Getting sessions for read:user,repo,user:email,workflow...
2024-10-13 15:17:13.076 [info] Got 0 sessions for read:user,repo,user:email,workflow...
2024-10-13 15:17:29.273 [info] Getting sessions for read:user,repo,user:email,workflow...
2024-10-13 15:17:29.273 [info] Got 0 sessions for read:user,repo,user:email,workflow...
2024-10-13 15:17:33.900 [info] Logging in with 'any' account...
2024-10-13 15:17:33.900 [info] Logging in for the following scopes: read:user repo user:email workflow
2024-10-13 15:17:33.924 [info] Trying without local server... (read:user repo user:email workflow)
2024-10-13 15:18:39.741 [error] User Cancelled
2024-10-13 15:18:45.510 [info] Trying with local server... (read:user repo user:email workflow)
2024-10-13 15:18:46.677 [error] User Cancelled
2024-10-13 15:18:58.246 [info] Getting sessions for read:user,repo,user:email,workflow...
2024-10-13 15:18:58.246 [info] Got 0 sessions for read:user,repo,user:email,workflow...
2024-10-13 15:20:57.640 [info] Getting sessions for read:user,repo,user:email,workflow...
2024-10-13 15:20:57.640 [info] Got 0 sessions for read:user,repo,user:email,workflow...
